2026-02-13 18:55:31 INFO  TC001_AccountRegistrationTest:15 - ***** Starting TC001_AccountRegistrationTest  ****
2026-02-13 18:55:31 INFO  TC001_AccountRegistrationTest:21 - Clicked on MyAccount Link.. 
2026-02-13 18:55:31 INFO  TC001_AccountRegistrationTest:24 - Clicked on Register Link.. 
2026-02-13 18:55:31 INFO  TC001_AccountRegistrationTest:28 - Providing customer details...
2026-02-13 18:55:33 INFO  TC001_AccountRegistrationTest:42 - Validating expected message..
2026-02-13 18:55:33 INFO  TC001_AccountRegistrationTest:47 - Test passed
2026-02-13 18:55:33 INFO  TC001_AccountRegistrationTest:56 - ***** Finished TC001_AccountRegistrationTest *****
2026-02-13 18:55:35 INFO  TC002_LoginTest:16 - ****** Startign TC_002_LoginTest *****
2026-02-13 19:47:25 INFO  TC001_AccountRegistrationTest:15 - ***** Starting TC001_AccountRegistrationTest  ****
2026-02-13 19:47:25 INFO  TC001_AccountRegistrationTest:21 - Clicked on MyAccount Link.. 
2026-02-13 19:47:26 INFO  TC001_AccountRegistrationTest:24 - Clicked on Register Link.. 
2026-02-13 19:47:26 INFO  TC001_AccountRegistrationTest:28 - Providing customer details...
2026-02-13 19:47:28 INFO  TC001_AccountRegistrationTest:42 - Validating expected message..
2026-02-13 19:47:28 INFO  TC001_AccountRegistrationTest:47 - Test passed
2026-02-13 19:47:28 INFO  TC001_AccountRegistrationTest:56 - ***** Finished TC001_AccountRegistrationTest *****
2026-02-13 19:47:31 INFO  TC002_LoginTest:16 - ****** Startign TC_002_LoginTest *****
2026-02-13 21:29:59 INFO  TC001_AccountRegistrationTest:15 - ***** Starting TC001_AccountRegistrationTest  ****
2026-02-13 21:30:00 INFO  TC001_AccountRegistrationTest:21 - Clicked on MyAccount Link.. 
2026-02-13 21:30:01 INFO  TC001_AccountRegistrationTest:24 - Clicked on Register Link.. 
2026-02-13 21:30:01 INFO  TC001_AccountRegistrationTest:28 - Providing customer details...
2026-02-13 21:30:16 INFO  TC001_AccountRegistrationTest:42 - Validating expected message..
2026-02-13 21:30:16 INFO  TC001_AccountRegistrationTest:47 - Test passed
2026-02-13 21:30:16 INFO  TC001_AccountRegistrationTest:56 - ***** Finished TC001_AccountRegistrationTest *****
2026-02-13 21:30:18 INFO  TC002_LoginTest:16 - ****** Startign TC_002_LoginTest *****
2026-02-13 21:31:12 INFO  TC001_AccountRegistrationTest:15 - ***** Starting TC001_AccountRegistrationTest  ****
2026-02-13 21:31:12 INFO  TC001_AccountRegistrationTest:21 - Clicked on MyAccount Link.. 
2026-02-13 21:31:12 INFO  TC001_AccountRegistrationTest:24 - Clicked on Register Link.. 
2026-02-13 21:31:12 INFO  TC001_AccountRegistrationTest:28 - Providing customer details...
2026-02-13 21:31:14 INFO  TC001_AccountRegistrationTest:42 - Validating expected message..
2026-02-13 21:31:14 INFO  TC001_AccountRegistrationTest:47 - Test passed
2026-02-13 21:31:14 INFO  TC001_AccountRegistrationTest:56 - ***** Finished TC001_AccountRegistrationTest *****
2026-02-13 21:31:17 INFO  TC002_LoginTest:16 - ****** Startign TC_002_LoginTest *****
